Analysis & Synthesis report for alarmClock
Fri Apr 26 12:02:10 2024
Quartus Prime Version 22.1std.0 Build 915 10/25/2022 SC Lite Edition


---------------------
; Table of Contents ;
---------------------
  1. Legal Notice
  2. Analysis & Synthesis Summary
  3. Analysis & Synthesis Settings
  4. Parallel Compilation
  5. Analysis & Synthesis Source Files Read
  6. Analysis & Synthesis Resource Usage Summary
  7. Analysis & Synthesis Resource Utilization by Entity
  8. Analysis & Synthesis RAM Summary
  9. Analysis & Synthesis DSP Block Usage Summary
 10. Registers Removed During Synthesis
 11. Removed Registers Triggering Further Register Optimizations
 12. General Register Statistics
 13. Inverted Register Statistics
 14. Registers Packed Into Inferred Megafunctions
 15. Multiplexer Restructuring Statistics (Restructuring Performed)
 16. Source assignments for audio:alarm_sound|altsyncram:audio_rtl_0|altsyncram_lq71:auto_generated
 17. Parameter Settings for Inferred Entity Instance: audio:alarm_sound|altsyncram:audio_rtl_0
 18. Parameter Settings for Inferred Entity Instance: audio:alarm_sound|lpm_mult:Mult0
 19. altsyncram Parameter Settings by Entity Instance
 20. lpm_mult Parameter Settings by Entity Instance
 21. Port Connectivity Checks: "Clock_24_Hour_behavioral:clock_24"
 22. Post-Synthesis Netlist Statistics for Top Partition
 23. Elapsed Time Per Partition
 24. Analysis & Synthesis Messages
 25. Analysis & Synthesis Suppressed Messages



----------------
; Legal Notice ;
----------------
Copyright (C) 2022  Intel Corporation. All rights reserved.
Your use of Intel Corporation's design tools, logic functions 
and other software and tools, and any partner logic 
functions, and any output files from any of the foregoing 
(including device programming or simulation files), and any 
associated documentation or information are expressly subject 
to the terms and conditions of the Intel Program License 
Subscription Agreement, the Intel Quartus Prime License Agreement,
the Intel FPGA IP License Agreement, or other applicable license
agreement, including, without limitation, that your use is for
the sole purpose of programming logic devices manufactured by
Intel and sold by Intel or its authorized distributors.  Please
refer to the applicable agreement for further details, at
https://fpgasoftware.intel.com/eula.



+-------------------------------------------------------------------------------------+
; Analysis & Synthesis Summary                                                        ;
+------------------------------------+------------------------------------------------+
; Analysis & Synthesis Status        ; Successful - Fri Apr 26 12:02:10 2024          ;
; Quartus Prime Version              ; 22.1std.0 Build 915 10/25/2022 SC Lite Edition ;
; Revision Name                      ; alarmClock                                     ;
; Top-level Entity Name              ; alarmClock                                     ;
; Family                             ; Cyclone IV E                                   ;
; Total logic elements               ; 696                                            ;
;     Total combinational functions  ; 695                                            ;
;     Dedicated logic registers      ; 176                                            ;
; Total registers                    ; 176                                            ;
; Total pins                         ; 52                                             ;
; Total virtual pins                 ; 0                                              ;
; Total memory bits                  ; 77,984                                         ;
; Embedded Multiplier 9-bit elements ; 2                                              ;
; Total PLLs                         ; 0                                              ;
+------------------------------------+------------------------------------------------+


+------------------------------------------------------------------------------------------------------------+
; Analysis & Synthesis Settings                                                                              ;
+------------------------------------------------------------------+--------------------+--------------------+
; Option                                                           ; Setting            ; Default Value      ;
+------------------------------------------------------------------+--------------------+--------------------+
; Device                                                           ; EP4CE115F29C7      ;                    ;
; Top-level entity name                                            ; alarmClock         ; alarmClock         ;
; Family name                                                      ; Cyclone IV E       ; Cyclone V          ;
; Use smart compilation                                            ; Off                ; Off                ;
; Enable parallel Assembler and Timing Analyzer during compilation ; On                 ; On                 ;
; Enable compact report table                                      ; Off                ; Off                ;
; Restructure Multiplexers                                         ; Auto               ; Auto               ;
; Create Debugging Nodes for IP Cores                              ; Off                ; Off                ;
; Preserve fewer node names                                        ; On                 ; On                 ;
; Intel FPGA IP Evaluation Mode                                    ; Enable             ; Enable             ;
; Verilog Version                                                  ; Verilog_2001       ; Verilog_2001       ;
; VHDL Version                                                     ; VHDL_1993          ; VHDL_1993          ;
; State Machine Processing                                         ; Auto               ; Auto               ;
; Safe State Machine                                               ; Off                ; Off                ;
; Extract Verilog State Machines                                   ; On                 ; On                 ;
; Extract VHDL State Machines                                      ; On                 ; On                 ;
; Ignore Verilog initial constructs                                ; Off                ; Off                ;
; Iteration limit for constant Verilog loops                       ; 5000               ; 5000               ;
; Iteration limit for non-constant Verilog loops                   ; 250                ; 250                ;
; Add Pass-Through Logic to Inferred RAMs                          ; On                 ; On                 ;
; Infer RAMs from Raw Logic                                        ; On                 ; On                 ;
; Parallel Synthesis                                               ; On                 ; On                 ;
; DSP Block Balancing                                              ; Auto               ; Auto               ;
; NOT Gate Push-Back                                               ; On                 ; On                 ;
; Power-Up Don't Care                                              ; On                 ; On                 ;
; Remove Redundant Logic Cells                                     ; Off                ; Off                ;
; Remove Duplicate Registers                                       ; On                 ; On                 ;
; Ignore CARRY Buffers                                             ; Off                ; Off                ;
; Ignore CASCADE Buffers                                           ; Off                ; Off                ;
; Ignore GLOBAL Buffers                                            ; Off                ; Off                ;
; Ignore ROW GLOBAL Buffers                                        ; Off                ; Off                ;
; Ignore LCELL Buffers                                             ; Off                ; Off                ;
; Ignore SOFT Buffers                                              ; On                 ; On                 ;
; Limit AHDL Integers to 32 Bits                                   ; Off                ; Off                ;
; Optimization Technique                                           ; Balanced           ; Balanced           ;
; Carry Chain Length                                               ; 70                 ; 70                 ;
; Auto Carry Chains                                                ; On                 ; On                 ;
; Auto Open-Drain Pins                                             ; On                 ; On                 ;
; Perform WYSIWYG Primitive Resynthesis                            ; Off                ; Off                ;
; Auto ROM Replacement                                             ; On                 ; On                 ;
; Auto RAM Replacement                                             ; On                 ; On                 ;
; Auto DSP Block Replacement                                       ; On                 ; On                 ;
; Auto Shift Register Replacement                                  ; Auto               ; Auto               ;
; Allow Shift Register Merging across Hierarchies                  ; Auto               ; Auto               ;
; Auto Clock Enable Replacement                                    ; On                 ; On                 ;
; Strict RAM Replacement                                           ; Off                ; Off                ;
; Allow Synchronous Control Signals                                ; On                 ; On                 ;
; Force Use of Synchronous Clear Signals                           ; Off                ; Off                ;
; Auto RAM Block Balancing                                         ; On                 ; On                 ;
; Auto RAM to Logic Cell Conversion                                ; Off                ; Off                ;
; Auto Resource Sharing                                            ; Off                ; Off                ;
; Allow Any RAM Size For Recognition                               ; Off                ; Off                ;
; Allow Any ROM Size For Recognition                               ; Off                ; Off                ;
; Allow Any Shift Register Size For Recognition                    ; Off                ; Off                ;
; Use LogicLock Constraints during Resource Balancing              ; On                 ; On                 ;
; Ignore translate_off and synthesis_off directives                ; Off                ; Off                ;
; Timing-Driven Synthesis                                          ; On                 ; On                 ;
; Report Parameter Settings                                        ; On                 ; On                 ;
; Report Source Assignments                                        ; On                 ; On                 ;
; Report Connectivity Checks                                       ; On                 ; On                 ;
; Ignore Maximum Fan-Out Assignments                               ; Off                ; Off                ;
; Synchronization Register Chain Length                            ; 2                  ; 2                  ;
; Power Optimization During Synthesis                              ; Normal compilation ; Normal compilation ;
; HDL message level                                                ; Level2             ; Level2             ;
; Suppress Register Optimization Related Messages                  ; Off                ; Off                ;
; Number of Removed Registers Reported in Synthesis Report         ; 5000               ; 5000               ;
; Number of Swept Nodes Reported in Synthesis Report               ; 5000               ; 5000               ;
; Number of Inverted Registers Reported in Synthesis Report        ; 100                ; 100                ;
; Clock MUX Protection                                             ; On                 ; On                 ;
; Auto Gated Clock Conversion                                      ; Off                ; Off                ;
; Block Design Naming                                              ; Auto               ; Auto               ;
; SDC constraint protection                                        ; Off                ; Off                ;
; Synthesis Effort                                                 ; Auto               ; Auto               ;
; Shift Register Replacement - Allow Asynchronous Clear Signal     ; On                 ; On                 ;
; Pre-Mapping Resynthesis Optimization                             ; Off                ; Off                ;
; Analysis & Synthesis Message Level                               ; Medium             ; Medium             ;
; Disable Register Merging Across Hierarchies                      ; Auto               ; Auto               ;
; Resource Aware Inference For Block RAM                           ; On                 ; On                 ;
+------------------------------------------------------------------+--------------------+--------------------+


+------------------------------------------+
; Parallel Compilation                     ;
+----------------------------+-------------+
; Processors                 ; Number      ;
+----------------------------+-------------+
; Number detected on machine ; 20          ;
; Maximum allowed            ; 12          ;
;                            ;             ;
; Average used               ; 1.01        ;
; Maximum used               ; 12          ;
;                            ;             ;
; Usage by Processor         ; % Time Used ;
;     Processor 1            ; 100.0%      ;
;     Processor 2            ;   0.1%      ;
;     Processors 3-12        ;   0.1%      ;
+----------------------------+-------------+


+-----------------------------------------------------------------------------------------------------------------------------------------------------------------------------------------------------------------+
; Analysis & Synthesis Source Files Read                                                                                                                                                                          ;
+------------------------------------------+-----------------+-------------------------------------------------------+----------------------------------------------------------------------------------+---------+
; File Name with User-Entered Path         ; Used in Netlist ; File Type                                             ; File Name with Absolute Path                                                     ; Library ;
+------------------------------------------+-----------------+-------------------------------------------------------+----------------------------------------------------------------------------------+---------+
; alarmClock.v                             ; yes             ; User Verilog HDL File                                 ; C:/Users/eas0035/Documents/FinalProject/alarmClock.v                             ;         ;
; Clock_24_Hour_behavioral.v               ; yes             ; User Verilog HDL File                                 ; C:/Users/eas0035/Documents/FinalProject/Clock_24_Hour_behavioral.v               ;         ;
; audio.v                                  ; yes             ; User Verilog HDL File                                 ; C:/Users/eas0035/Documents/FinalProject/audio.v                                  ;         ;
; audio_16_signed.txt                      ; yes             ; User File                                             ; C:/Users/eas0035/Documents/FinalProject/audio_16_signed.txt                      ;         ;
; altsyncram.tdf                           ; yes             ; Megafunction                                          ; c:/intelfpga_lite/22.1std/quartus/libraries/megafunctions/altsyncram.tdf         ;         ;
; stratix_ram_block.inc                    ; yes             ; Megafunction                                          ; c:/intelfpga_lite/22.1std/quartus/libraries/megafunctions/stratix_ram_block.inc  ;         ;
; lpm_mux.inc                              ; yes             ; Megafunction                                          ; c:/intelfpga_lite/22.1std/quartus/libraries/megafunctions/lpm_mux.inc            ;         ;
; lpm_decode.inc                           ; yes             ; Megafunction                                          ; c:/intelfpga_lite/22.1std/quartus/libraries/megafunctions/lpm_decode.inc         ;         ;
; aglobal221.inc                           ; yes             ; Megafunction                                          ; c:/intelfpga_lite/22.1std/quartus/libraries/megafunctions/aglobal221.inc         ;         ;
; a_rdenreg.inc                            ; yes             ; Megafunction                                          ; c:/intelfpga_lite/22.1std/quartus/libraries/megafunctions/a_rdenreg.inc          ;         ;
; altrom.inc                               ; yes             ; Megafunction                                          ; c:/intelfpga_lite/22.1std/quartus/libraries/megafunctions/altrom.inc             ;         ;
; altram.inc                               ; yes             ; Megafunction                                          ; c:/intelfpga_lite/22.1std/quartus/libraries/megafunctions/altram.inc             ;         ;
; altdpram.inc                             ; yes             ; Megafunction                                          ; c:/intelfpga_lite/22.1std/quartus/libraries/megafunctions/altdpram.inc           ;         ;
; db/altsyncram_lq71.tdf                   ; yes             ; Auto-Generated Megafunction                           ; C:/Users/eas0035/Documents/FinalProject/db/altsyncram_lq71.tdf                   ;         ;
; db/alarmclock.ram0_audio_640388c.hdl.mif ; yes             ; Auto-Generated Auto-Found Memory Initialization File  ; C:/Users/eas0035/Documents/FinalProject/db/alarmclock.ram0_audio_640388c.hdl.mif ;         ;
; lpm_mult.tdf                             ; yes             ; Megafunction                                          ; c:/intelfpga_lite/22.1std/quartus/libraries/megafunctions/lpm_mult.tdf           ;         ;
; lpm_add_sub.inc                          ; yes             ; Megafunction                                          ; c:/intelfpga_lite/22.1std/quartus/libraries/megafunctions/lpm_add_sub.inc        ;         ;
; multcore.inc                             ; yes             ; Megafunction                                          ; c:/intelfpga_lite/22.1std/quartus/libraries/megafunctions/multcore.inc           ;         ;
; bypassff.inc                             ; yes             ; Megafunction                                          ; c:/intelfpga_lite/22.1std/quartus/libraries/megafunctions/bypassff.inc           ;         ;
; altshift.inc                             ; yes             ; Megafunction                                          ; c:/intelfpga_lite/22.1std/quartus/libraries/megafunctions/altshift.inc           ;         ;
; db/mult_16t.tdf                          ; yes             ; Auto-Generated Megafunction                           ; C:/Users/eas0035/Documents/FinalProject/db/mult_16t.tdf                          ;         ;
+------------------------------------------+-----------------+-------------------------------------------------------+----------------------------------------------------------------------------------+---------+


+---------------------------------------------------------+
; Analysis & Synthesis Resource Usage Summary             ;
+---------------------------------------------+-----------+
; Resource                                    ; Usage     ;
+---------------------------------------------+-----------+
; Estimated Total logic elements              ; 696       ;
;                                             ;           ;
; Total combinational functions               ; 695       ;
; Logic element usage by number of LUT inputs ;           ;
;     -- 4 input functions                    ; 302       ;
;     -- 3 input functions                    ; 171       ;
;     -- <=2 input functions                  ; 222       ;
;                                             ;           ;
; Logic elements by mode                      ;           ;
;     -- normal mode                          ; 476       ;
;     -- arithmetic mode                      ; 219       ;
;                                             ;           ;
; Total registers                             ; 176       ;
;     -- Dedicated logic registers            ; 176       ;
;     -- I/O registers                        ; 0         ;
;                                             ;           ;
; I/O pins                                    ; 52        ;
; Total memory bits                           ; 77984     ;
;                                             ;           ;
; Embedded Multiplier 9-bit elements          ; 2         ;
;                                             ;           ;
; Maximum fan-out node                        ; CLK~input ;
; Maximum fan-out                             ; 120       ;
; Total fan-out                               ; 3013      ;
; Average fan-out                             ; 3.03      ;
+---------------------------------------------+-----------+


+------------------------------------------------------------------------------------------------------------------------------------------------------------------------------------------------------------------------------------------------------------------------------------------------------+
; Analysis & Synthesis Resource Utilization by Entity                                                                                                                                                                                                                                                  ;
+-------------------------------------------+---------------------+---------------------------+-------------+--------------+---------+-----------+------+--------------+-------------------------------------------------------------------------------------+--------------------------+--------------+
; Compilation Hierarchy Node                ; Combinational ALUTs ; Dedicated Logic Registers ; Memory Bits ; DSP Elements ; DSP 9x9 ; DSP 18x18 ; Pins ; Virtual Pins ; Full Hierarchy Name                                                                 ; Entity Name              ; Library Name ;
+-------------------------------------------+---------------------+---------------------------+-------------+--------------+---------+-----------+------+--------------+-------------------------------------------------------------------------------------+--------------------------+--------------+
; |alarmClock                               ; 695 (355)           ; 176 (76)                  ; 77984       ; 2            ; 0       ; 1         ; 52   ; 0            ; |alarmClock                                                                         ; alarmClock               ; work         ;
;    |Clock_24_Hour_behavioral:clock_24|    ; 103 (103)           ; 24 (24)                   ; 0           ; 0            ; 0       ; 0         ; 0    ; 0            ; |alarmClock|Clock_24_Hour_behavioral:clock_24                                       ; Clock_24_Hour_behavioral ; work         ;
;    |audio:alarm_sound|                    ; 149 (149)           ; 50 (50)                   ; 77984       ; 2            ; 0       ; 1         ; 0    ; 0            ; |alarmClock|audio:alarm_sound                                                       ; audio                    ; work         ;
;       |altsyncram:audio_rtl_0|            ; 0 (0)               ; 0 (0)                     ; 77984       ; 0            ; 0       ; 0         ; 0    ; 0            ; |alarmClock|audio:alarm_sound|altsyncram:audio_rtl_0                                ; altsyncram               ; work         ;
;          |altsyncram_lq71:auto_generated| ; 0 (0)               ; 0 (0)                     ; 77984       ; 0            ; 0       ; 0         ; 0    ; 0            ; |alarmClock|audio:alarm_sound|altsyncram:audio_rtl_0|altsyncram_lq71:auto_generated ; altsyncram_lq71          ; work         ;
;       |lpm_mult:Mult0|                    ; 0 (0)               ; 0 (0)                     ; 0           ; 2            ; 0       ; 1         ; 0    ; 0            ; |alarmClock|audio:alarm_sound|lpm_mult:Mult0                                        ; lpm_mult                 ; work         ;
;          |mult_16t:auto_generated|        ; 0 (0)               ; 0 (0)                     ; 0           ; 2            ; 0       ; 1         ; 0    ; 0            ; |alarmClock|audio:alarm_sound|lpm_mult:Mult0|mult_16t:auto_generated                ; mult_16t                 ; work         ;
;    |fiftyM_to_one_clk:one_hz_clk|         ; 46 (46)             ; 26 (26)                   ; 0           ; 0            ; 0       ; 0         ; 0    ; 0            ; |alarmClock|fiftyM_to_one_clk:one_hz_clk                                            ; fiftyM_to_one_clk        ; work         ;
;    |hex_seven:Hr|                         ; 7 (7)               ; 0 (0)                     ; 0           ; 0            ; 0       ; 0         ; 0    ; 0            ; |alarmClock|hex_seven:Hr                                                            ; hex_seven                ; work         ;
;    |hex_seven:Mi|                         ; 7 (7)               ; 0 (0)                     ; 0           ; 0            ; 0       ; 0         ; 0    ; 0            ; |alarmClock|hex_seven:Mi                                                            ; hex_seven                ; work         ;
;    |hex_seven:Se|                         ; 7 (7)               ; 0 (0)                     ; 0           ; 0            ; 0       ; 0         ; 0    ; 0            ; |alarmClock|hex_seven:Se                                                            ; hex_seven                ; work         ;
;    |hex_seven:hr|                         ; 7 (7)               ; 0 (0)                     ; 0           ; 0            ; 0       ; 0         ; 0    ; 0            ; |alarmClock|hex_seven:hr                                                            ; hex_seven                ; work         ;
;    |hex_seven:mi|                         ; 7 (7)               ; 0 (0)                     ; 0           ; 0            ; 0       ; 0         ; 0    ; 0            ; |alarmClock|hex_seven:mi                                                            ; hex_seven                ; work         ;
;    |hex_seven:se|                         ; 7 (7)               ; 0 (0)                     ; 0           ; 0            ; 0       ; 0         ; 0    ; 0            ; |alarmClock|hex_seven:se                                                            ; hex_seven                ; work         ;
+-------------------------------------------+---------------------+---------------------------+-------------+--------------+---------+-----------+------+--------------+-------------------------------------------------------------------------------------+--------------------------+--------------+
Note: For table entries with two numbers listed, the numbers in parentheses indicate the number of resources of the given type used by the specific entity alone. The numbers listed outside of parentheses indicate the total resources of the given type used by the specific entity and all of its sub-entities in the hierarchy.


+-----------------------------------------------------------------------------------------------------------------------------------------------------------------------------------------------------------------+
; Analysis & Synthesis RAM Summary                                                                                                                                                                                ;
+------------------------------------------------------------------------------------+------+------+--------------+--------------+--------------+--------------+-------+------------------------------------------+
; Name                                                                               ; Type ; Mode ; Port A Depth ; Port A Width ; Port B Depth ; Port B Width ; Size  ; MIF                                      ;
+------------------------------------------------------------------------------------+------+------+--------------+--------------+--------------+--------------+-------+------------------------------------------+
; audio:alarm_sound|altsyncram:audio_rtl_0|altsyncram_lq71:auto_generated|ALTSYNCRAM ; AUTO ; ROM  ; 4874         ; 16           ; --           ; --           ; 77984 ; db/alarmClock.ram0_audio_640388c.hdl.mif ;
+------------------------------------------------------------------------------------+------+------+--------------+--------------+--------------+--------------+-------+------------------------------------------+


+-----------------------------------------------------+
; Analysis & Synthesis DSP Block Usage Summary        ;
+---------------------------------------+-------------+
; Statistic                             ; Number Used ;
+---------------------------------------+-------------+
; Simple Multipliers (9-bit)            ; 0           ;
; Simple Multipliers (18-bit)           ; 1           ;
; Embedded Multiplier Blocks            ; --          ;
; Embedded Multiplier 9-bit elements    ; 2           ;
; Signed Embedded Multipliers           ; 1           ;
; Unsigned Embedded Multipliers         ; 0           ;
; Mixed Sign Embedded Multipliers       ; 0           ;
; Variable Sign Embedded Multipliers    ; 0           ;
; Dedicated Input Shift Register Chains ; 0           ;
+---------------------------------------+-------------+
Note: number of Embedded Multiplier Blocks used is only available after a successful fit.


+---------------------------------------------------------------------------------+
; Registers Removed During Synthesis                                              ;
+----------------------------------------+----------------------------------------+
; Register name                          ; Reason for Removal                     ;
+----------------------------------------+----------------------------------------+
; vol[1..6]                              ; Merged with vol[0]                     ;
; vol[0]                                 ; Stuck at GND due to stuck port data_in ;
; audio:alarm_sound|DtoA_convert.ge[-28] ; Stuck at GND due to stuck port data_in ;
; audio:alarm_sound|DtoA_convert.ge[-27] ; Stuck at GND due to stuck port data_in ;
; audio:alarm_sound|DtoA_convert.ge[-26] ; Stuck at GND due to stuck port data_in ;
; audio:alarm_sound|DtoA_convert.ge[-25] ; Stuck at GND due to stuck port data_in ;
; audio:alarm_sound|DtoA_convert.ge[-24] ; Stuck at GND due to stuck port data_in ;
; audio:alarm_sound|DtoA_convert.ge[-23] ; Stuck at GND due to stuck port data_in ;
; audio:alarm_sound|DtoA_convert.ge[-22] ; Stuck at GND due to stuck port data_in ;
; audio:alarm_sound|DtoA_convert.ge[-21] ; Stuck at GND due to stuck port data_in ;
; audio:alarm_sound|DtoA_convert.ge[-20] ; Stuck at GND due to stuck port data_in ;
; audio:alarm_sound|DtoA_convert.ge[-19] ; Stuck at GND due to stuck port data_in ;
; audio:alarm_sound|DtoA_convert.ge[-18] ; Stuck at GND due to stuck port data_in ;
; audio:alarm_sound|DtoA_convert.ge[-17] ; Stuck at GND due to stuck port data_in ;
; audio:alarm_sound|DtoA_convert.ge[-16] ; Stuck at GND due to stuck port data_in ;
; Total Number of Removed Registers = 20 ;                                        ;
+----------------------------------------+----------------------------------------+


+-----------------------------------------------------------------------------------------------------------------------------+
; Removed Registers Triggering Further Register Optimizations                                                                 ;
+---------------+---------------------------+---------------------------------------------------------------------------------+
; Register name ; Reason for Removal        ; Registers Removed due to This Register                                          ;
+---------------+---------------------------+---------------------------------------------------------------------------------+
; vol[0]        ; Stuck at GND              ; audio:alarm_sound|DtoA_convert.ge[-28], audio:alarm_sound|DtoA_convert.ge[-27], ;
;               ; due to stuck port data_in ; audio:alarm_sound|DtoA_convert.ge[-26], audio:alarm_sound|DtoA_convert.ge[-25], ;
;               ;                           ; audio:alarm_sound|DtoA_convert.ge[-24], audio:alarm_sound|DtoA_convert.ge[-23], ;
;               ;                           ; audio:alarm_sound|DtoA_convert.ge[-22], audio:alarm_sound|DtoA_convert.ge[-21], ;
;               ;                           ; audio:alarm_sound|DtoA_convert.ge[-20], audio:alarm_sound|DtoA_convert.ge[-19], ;
;               ;                           ; audio:alarm_sound|DtoA_convert.ge[-18], audio:alarm_sound|DtoA_convert.ge[-17], ;
;               ;                           ; audio:alarm_sound|DtoA_convert.ge[-16]                                          ;
+---------------+---------------------------+---------------------------------------------------------------------------------+


+------------------------------------------------------+
; General Register Statistics                          ;
+----------------------------------------------+-------+
; Statistic                                    ; Value ;
+----------------------------------------------+-------+
; Total registers                              ; 176   ;
; Number of registers using Synchronous Clear  ; 0     ;
; Number of registers using Synchronous Load   ; 21    ;
; Number of registers using Asynchronous Clear ; 24    ;
; Number of registers using Asynchronous Load  ; 0     ;
; Number of registers using Clock Enable       ; 99    ;
; Number of registers using Preset             ; 0     ;
+----------------------------------------------+-------+


+--------------------------------------------------+
; Inverted Register Statistics                     ;
+----------------------------------------+---------+
; Inverted Register                      ; Fan out ;
+----------------------------------------+---------+
; set_time                               ; 72      ;
; Total number of inverted registers = 1 ;         ;
+----------------------------------------+---------+


+---------------------------------------------------------------------------+
; Registers Packed Into Inferred Megafunctions                              ;
+------------------------------------+-------------------------------+------+
; Register Name                      ; Megafunction                  ; Type ;
+------------------------------------+-------------------------------+------+
; audio:alarm_sound|wave_out[-14..1] ; audio:alarm_sound|audio_rtl_0 ; RAM  ;
+------------------------------------+-------------------------------+------+


+-------------------------------------------------------------------------------------------------------------------------------------------------------------------------+
; Multiplexer Restructuring Statistics (Restructuring Performed)                                                                                                          ;
+--------------------+-----------+---------------+----------------------+------------------------+------------+-----------------------------------------------------------+
; Multiplexer Inputs ; Bus Width ; Baseline Area ; Area if Restructured ; Saving if Restructured ; Registered ; Example Multiplexer Output                                ;
+--------------------+-----------+---------------+----------------------+------------------------+------------+-----------------------------------------------------------+
; 4:1                ; 24 bits   ; 48 LEs        ; 24 LEs               ; 24 LEs                 ; Yes        ; |alarmClock|display_time[2]                               ;
; 7:1                ; 4 bits    ; 16 LEs        ; 8 LEs                ; 8 LEs                  ; Yes        ; |alarmClock|clock_in[3]                                   ;
; 7:1                ; 4 bits    ; 16 LEs        ; 8 LEs                ; 8 LEs                  ; Yes        ; |alarmClock|clock_in[4]                                   ;
; 8:1                ; 4 bits    ; 20 LEs        ; 8 LEs                ; 12 LEs                 ; Yes        ; |alarmClock|alarm_time[3]                                 ;
; 8:1                ; 4 bits    ; 20 LEs        ; 12 LEs               ; 8 LEs                  ; Yes        ; |alarmClock|alarm_time[4]                                 ;
; 8:1                ; 4 bits    ; 20 LEs        ; 12 LEs               ; 8 LEs                  ; Yes        ; |alarmClock|alarm_time[10]                                ;
; 8:1                ; 4 bits    ; 20 LEs        ; 16 LEs               ; 4 LEs                  ; Yes        ; |alarmClock|alarm_time[12]                                ;
; 8:1                ; 4 bits    ; 20 LEs        ; 12 LEs               ; 8 LEs                  ; Yes        ; |alarmClock|alarm_time[19]                                ;
; 8:1                ; 4 bits    ; 20 LEs        ; 16 LEs               ; 4 LEs                  ; Yes        ; |alarmClock|alarm_time[23]                                ;
; 9:1                ; 4 bits    ; 24 LEs        ; 8 LEs                ; 16 LEs                 ; Yes        ; |alarmClock|clock_in[11]                                  ;
; 9:1                ; 4 bits    ; 24 LEs        ; 12 LEs               ; 12 LEs                 ; Yes        ; |alarmClock|clock_in[15]                                  ;
; 10:1               ; 4 bits    ; 24 LEs        ; 12 LEs               ; 12 LEs                 ; Yes        ; |alarmClock|clock_in[16]                                  ;
; 10:1               ; 4 bits    ; 24 LEs        ; 16 LEs               ; 8 LEs                  ; Yes        ; |alarmClock|clock_in[23]                                  ;
; 3:1                ; 4 bits    ; 8 LEs         ; 4 LEs                ; 4 LEs                  ; Yes        ; |alarmClock|Clock_24_Hour_behavioral:clock_24|hr_tens[3]  ;
; 3:1                ; 4 bits    ; 8 LEs         ; 4 LEs                ; 4 LEs                  ; Yes        ; |alarmClock|Clock_24_Hour_behavioral:clock_24|hr_ones[0]  ;
; 3:1                ; 4 bits    ; 8 LEs         ; 4 LEs                ; 4 LEs                  ; Yes        ; |alarmClock|Clock_24_Hour_behavioral:clock_24|sec_tens[0] ;
; 3:1                ; 4 bits    ; 8 LEs         ; 4 LEs                ; 4 LEs                  ; Yes        ; |alarmClock|Clock_24_Hour_behavioral:clock_24|sec_ones[3] ;
; 3:1                ; 4 bits    ; 8 LEs         ; 4 LEs                ; 4 LEs                  ; Yes        ; |alarmClock|Clock_24_Hour_behavioral:clock_24|min_tens[3] ;
; 3:1                ; 4 bits    ; 8 LEs         ; 4 LEs                ; 4 LEs                  ; Yes        ; |alarmClock|Clock_24_Hour_behavioral:clock_24|min_ones[2] ;
+--------------------+-----------+---------------+----------------------+------------------------+------------+-----------------------------------------------------------+


+------------------------------------------------------------------------------------------------+
; Source assignments for audio:alarm_sound|altsyncram:audio_rtl_0|altsyncram_lq71:auto_generated ;
+---------------------------------+--------------------+------+----------------------------------+
; Assignment                      ; Value              ; From ; To                               ;
+---------------------------------+--------------------+------+----------------------------------+
; OPTIMIZE_POWER_DURING_SYNTHESIS ; NORMAL_COMPILATION ; -    ; -                                ;
+---------------------------------+--------------------+------+----------------------------------+


+------------------------------------------------------------------------------------------------+
; Parameter Settings for Inferred Entity Instance: audio:alarm_sound|altsyncram:audio_rtl_0      ;
+------------------------------------+------------------------------------------+----------------+
; Parameter Name                     ; Value                                    ; Type           ;
+------------------------------------+------------------------------------------+----------------+
; BYTE_SIZE_BLOCK                    ; 8                                        ; Untyped        ;
; AUTO_CARRY_CHAINS                  ; ON                                       ; AUTO_CARRY     ;
; IGNORE_CARRY_BUFFERS               ; OFF                                      ; IGNORE_CARRY   ;
; AUTO_CASCADE_CHAINS                ; ON                                       ; AUTO_CASCADE   ;
; IGNORE_CASCADE_BUFFERS             ; OFF                                      ; IGNORE_CASCADE ;
; WIDTH_BYTEENA                      ; 1                                        ; Untyped        ;
; OPERATION_MODE                     ; ROM                                      ; Untyped        ;
; WIDTH_A                            ; 16                                       ; Untyped        ;
; WIDTHAD_A                          ; 13                                       ; Untyped        ;
; NUMWORDS_A                         ; 4874                                     ; Untyped        ;
; OUTDATA_REG_A                      ; UNREGISTERED                             ; Untyped        ;
; ADDRESS_ACLR_A                     ; NONE                                     ; Untyped        ;
; OUTDATA_ACLR_A                     ; NONE                                     ; Untyped        ;
; WRCONTROL_ACLR_A                   ; NONE                                     ; Untyped        ;
; INDATA_ACLR_A                      ; NONE                                     ; Untyped        ;
; BYTEENA_ACLR_A                     ; NONE                                     ; Untyped        ;
; WIDTH_B                            ; 1                                        ; Untyped        ;
; WIDTHAD_B                          ; 1                                        ; Untyped        ;
; NUMWORDS_B                         ; 1                                        ; Untyped        ;
; INDATA_REG_B                       ; CLOCK1                                   ; Untyped        ;
; WRCONTROL_WRADDRESS_REG_B          ; CLOCK1                                   ; Untyped        ;
; RDCONTROL_REG_B                    ; CLOCK1                                   ; Untyped        ;
; ADDRESS_REG_B                      ; CLOCK1                                   ; Untyped        ;
; OUTDATA_REG_B                      ; UNREGISTERED                             ; Untyped        ;
; BYTEENA_REG_B                      ; CLOCK1                                   ; Untyped        ;
; INDATA_ACLR_B                      ; NONE                                     ; Untyped        ;
; WRCONTROL_ACLR_B                   ; NONE                                     ; Untyped        ;
; ADDRESS_ACLR_B                     ; NONE                                     ; Untyped        ;
; OUTDATA_ACLR_B                     ; NONE                                     ; Untyped        ;
; RDCONTROL_ACLR_B                   ; NONE                                     ; Untyped        ;
; BYTEENA_ACLR_B                     ; NONE                                     ; Untyped        ;
; WIDTH_BYTEENA_A                    ; 1                                        ; Untyped        ;
; WIDTH_BYTEENA_B                    ; 1                                        ; Untyped        ;
; RAM_BLOCK_TYPE                     ; AUTO                                     ; Untyped        ;
; BYTE_SIZE                          ; 8                                        ; Untyped        ;
; READ_DURING_WRITE_MODE_MIXED_PORTS ; DONT_CARE                                ; Untyped        ;
; READ_DURING_WRITE_MODE_PORT_A      ; NEW_DATA_NO_NBE_READ                     ; Untyped        ;
; READ_DURING_WRITE_MODE_PORT_B      ; NEW_DATA_NO_NBE_READ                     ; Untyped        ;
; INIT_FILE                          ; db/alarmClock.ram0_audio_640388c.hdl.mif ; Untyped        ;
; INIT_FILE_LAYOUT                   ; PORT_A                                   ; Untyped        ;
; MAXIMUM_DEPTH                      ; 0                                        ; Untyped        ;
; CLOCK_ENABLE_INPUT_A               ; NORMAL                                   ; Untyped        ;
; CLOCK_ENABLE_INPUT_B               ; NORMAL                                   ; Untyped        ;
; CLOCK_ENABLE_OUTPUT_A              ; NORMAL                                   ; Untyped        ;
; CLOCK_ENABLE_OUTPUT_B              ; NORMAL                                   ; Untyped        ;
; CLOCK_ENABLE_CORE_A                ; USE_INPUT_CLKEN                          ; Untyped        ;
; CLOCK_ENABLE_CORE_B                ; USE_INPUT_CLKEN                          ; Untyped        ;
; ENABLE_ECC                         ; FALSE                                    ; Untyped        ;
; ECC_PIPELINE_STAGE_ENABLED         ; FALSE                                    ; Untyped        ;
; WIDTH_ECCSTATUS                    ; 3                                        ; Untyped        ;
; DEVICE_FAMILY                      ; Cyclone IV E                             ; Untyped        ;
; CBXI_PARAMETER                     ; altsyncram_lq71                          ; Untyped        ;
+------------------------------------+------------------------------------------+----------------+
Note: In order to hide this table in the UI and the text report file, please set the "Show Parameter Settings in Synthesis Report" option in "Analysis and Synthesis Settings -> More Settings" to "Off".


+-------------------------------------------------------------------------------------+
; Parameter Settings for Inferred Entity Instance: audio:alarm_sound|lpm_mult:Mult0   ;
+------------------------------------------------+--------------+---------------------+
; Parameter Name                                 ; Value        ; Type                ;
+------------------------------------------------+--------------+---------------------+
; AUTO_CARRY_CHAINS                              ; ON           ; AUTO_CARRY          ;
; IGNORE_CARRY_BUFFERS                           ; OFF          ; IGNORE_CARRY        ;
; AUTO_CASCADE_CHAINS                            ; ON           ; AUTO_CASCADE        ;
; IGNORE_CASCADE_BUFFERS                         ; OFF          ; IGNORE_CASCADE      ;
; LPM_WIDTHA                                     ; 16           ; Untyped             ;
; LPM_WIDTHB                                     ; 15           ; Untyped             ;
; LPM_WIDTHP                                     ; 31           ; Untyped             ;
; LPM_WIDTHR                                     ; 31           ; Untyped             ;
; LPM_WIDTHS                                     ; 1            ; Untyped             ;
; LPM_REPRESENTATION                             ; SIGNED       ; Untyped             ;
; LPM_PIPELINE                                   ; 0            ; Untyped             ;
; LATENCY                                        ; 0            ; Untyped             ;
; INPUT_A_IS_CONSTANT                            ; NO           ; Untyped             ;
; INPUT_B_IS_CONSTANT                            ; NO           ; Untyped             ;
; USE_EAB                                        ; OFF          ; Untyped             ;
; MAXIMIZE_SPEED                                 ; 5            ; Untyped             ;
; DEVICE_FAMILY                                  ; Cyclone IV E ; Untyped             ;
; CARRY_CHAIN                                    ; MANUAL       ; Untyped             ;
; APEX20K_TECHNOLOGY_MAPPER                      ; LUT          ; TECH_MAPPER_APEX20K ;
; DEDICATED_MULTIPLIER_CIRCUITRY                 ; AUTO         ; Untyped             ;
; DEDICATED_MULTIPLIER_MIN_INPUT_WIDTH_FOR_AUTO  ; 0            ; Untyped             ;
; DEDICATED_MULTIPLIER_MIN_OUTPUT_WIDTH_FOR_AUTO ; 0            ; Untyped             ;
; CBXI_PARAMETER                                 ; mult_16t     ; Untyped             ;
; INPUT_A_FIXED_VALUE                            ; Bx           ; Untyped             ;
; INPUT_B_FIXED_VALUE                            ; Bx           ; Untyped             ;
; USE_AHDL_IMPLEMENTATION                        ; OFF          ; Untyped             ;
+------------------------------------------------+--------------+---------------------+
Note: In order to hide this table in the UI and the text report file, please set the "Show Parameter Settings in Synthesis Report" option in "Analysis and Synthesis Settings -> More Settings" to "Off".


+--------------------------------------------------------------------------------------+
; altsyncram Parameter Settings by Entity Instance                                     ;
+-------------------------------------------+------------------------------------------+
; Name                                      ; Value                                    ;
+-------------------------------------------+------------------------------------------+
; Number of entity instances                ; 1                                        ;
; Entity Instance                           ; audio:alarm_sound|altsyncram:audio_rtl_0 ;
;     -- OPERATION_MODE                     ; ROM                                      ;
;     -- WIDTH_A                            ; 16                                       ;
;     -- NUMWORDS_A                         ; 4874                                     ;
;     -- OUTDATA_REG_A                      ; UNREGISTERED                             ;
;     -- WIDTH_B                            ; 1                                        ;
;     -- NUMWORDS_B                         ; 1                                        ;
;     -- ADDRESS_REG_B                      ; CLOCK1                                   ;
;     -- OUTDATA_REG_B                      ; UNREGISTERED                             ;
;     -- RAM_BLOCK_TYPE                     ; AUTO                                     ;
;     -- READ_DURING_WRITE_MODE_MIXED_PORTS ; DONT_CARE                                ;
+-------------------------------------------+------------------------------------------+


+--------------------------------------------------------------------------+
; lpm_mult Parameter Settings by Entity Instance                           ;
+---------------------------------------+----------------------------------+
; Name                                  ; Value                            ;
+---------------------------------------+----------------------------------+
; Number of entity instances            ; 1                                ;
; Entity Instance                       ; audio:alarm_sound|lpm_mult:Mult0 ;
;     -- LPM_WIDTHA                     ; 16                               ;
;     -- LPM_WIDTHB                     ; 15                               ;
;     -- LPM_WIDTHP                     ; 31                               ;
;     -- LPM_REPRESENTATION             ; SIGNED                           ;
;     -- INPUT_A_IS_CONSTANT            ; NO                               ;
;     -- INPUT_B_IS_CONSTANT            ; NO                               ;
;     -- USE_EAB                        ; OFF                              ;
;     -- DEDICATED_MULTIPLIER_CIRCUITRY ; AUTO                             ;
;     -- INPUT_A_FIXED_VALUE            ; Bx                               ;
;     -- INPUT_B_FIXED_VALUE            ; Bx                               ;
+---------------------------------------+----------------------------------+


+---------------------------------------------------------------+
; Port Connectivity Checks: "Clock_24_Hour_behavioral:clock_24" ;
+------------+-------+----------+-------------------------------+
; Port       ; Type  ; Severity ; Details                       ;
+------------+-------+----------+-------------------------------+
; reset_time ; Input ; Info     ; Stuck at GND                  ;
; inc_sec    ; Input ; Info     ; Stuck at GND                  ;
+------------+-------+----------+-------------------------------+


+-----------------------------------------------------+
; Post-Synthesis Netlist Statistics for Top Partition ;
+-----------------------+-----------------------------+
; Type                  ; Count                       ;
+-----------------------+-----------------------------+
; boundary_port         ; 52                          ;
; cycloneiii_ff         ; 176                         ;
;     CLR               ; 14                          ;
;     ENA               ; 87                          ;
;     ENA CLR           ; 10                          ;
;     ENA SLD           ; 2                           ;
;     SLD               ; 19                          ;
;     plain             ; 44                          ;
; cycloneiii_lcell_comb ; 701                         ;
;     arith             ; 219                         ;
;         2 data inputs ; 160                         ;
;         3 data inputs ; 59                          ;
;     normal            ; 482                         ;
;         1 data inputs ; 16                          ;
;         2 data inputs ; 52                          ;
;         3 data inputs ; 112                         ;
;         4 data inputs ; 302                         ;
; cycloneiii_mac_mult   ; 1                           ;
; cycloneiii_mac_out    ; 1                           ;
; cycloneiii_ram_block  ; 16                          ;
;                       ;                             ;
; Max LUT depth         ; 10.20                       ;
; Average LUT depth     ; 4.49                        ;
+-----------------------+-----------------------------+


+-------------------------------+
; Elapsed Time Per Partition    ;
+----------------+--------------+
; Partition Name ; Elapsed Time ;
+----------------+--------------+
; Top            ; 00:00:01     ;
+----------------+--------------+


+-------------------------------+
; Analysis & Synthesis Messages ;
+-------------------------------+
Info: *******************************************************************
Info: Running Quartus Prime Analysis & Synthesis
    Info: Version 22.1std.0 Build 915 10/25/2022 SC Lite Edition
    Info: Processing started: Fri Apr 26 12:02:04 2024
Info: Command: quartus_map --read_settings_files=on --write_settings_files=off alarmClock -c alarmClock
Warning (18236): Number of processors has not been specified which may cause overloading on shared machines.  Set the global assignment NUM_PARALLEL_PROCESSORS in your QSF to an appropriate value for best performance.
Info (20030): Parallel compilation is enabled and will use 12 of the 12 processors detected
Info (12021): Found 3 design units, including 3 entities, in source file alarmclock.v
    Info (12023): Found entity 1: alarmClock File: C:/Users/eas0035/Documents/FinalProject/alarmClock.v Line: 1
    Info (12023): Found entity 2: hex_seven File: C:/Users/eas0035/Documents/FinalProject/alarmClock.v Line: 136
    Info (12023): Found entity 3: fiftyM_to_one_clk File: C:/Users/eas0035/Documents/FinalProject/alarmClock.v Line: 164
Info (12021): Found 1 design units, including 1 entities, in source file clock_24_hour_behavioral.v
    Info (12023): Found entity 1: Clock_24_Hour_behavioral File: C:/Users/eas0035/Documents/FinalProject/Clock_24_Hour_behavioral.v Line: 1
Info (12021): Found 1 design units, including 1 entities, in source file audio.v
    Info (12023): Found entity 1: audio File: C:/Users/eas0035/Documents/FinalProject/audio.v Line: 1
Warning (10236): Verilog HDL Implicit Net warning at alarmClock.v(123): created implicit net for "inc_sec" File: C:/Users/eas0035/Documents/FinalProject/alarmClock.v Line: 123
Info (12127): Elaborating entity "alarmClock" for the top level hierarchy
Warning (10036): Verilog HDL or VHDL warning at alarmClock.v(17): object "alarm_en" assigned a value but never read File: C:/Users/eas0035/Documents/FinalProject/alarmClock.v Line: 17
Warning (10030): Net "inc_sec" at alarmClock.v(123) has no driver or initial value, using a default initial value '0' File: C:/Users/eas0035/Documents/FinalProject/alarmClock.v Line: 123
Info (12128): Elaborating entity "fiftyM_to_one_clk" for hierarchy "fiftyM_to_one_clk:one_hz_clk" File: C:/Users/eas0035/Documents/FinalProject/alarmClock.v Line: 26
Warning (10230): Verilog HDL assignment warning at alarmClock.v(176): truncated value with size 32 to match size of target (25) File: C:/Users/eas0035/Documents/FinalProject/alarmClock.v Line: 176
Info (12128): Elaborating entity "audio" for hierarchy "audio:alarm_sound" File: C:/Users/eas0035/Documents/FinalProject/alarmClock.v Line: 29
Warning (10030): Net "audio.data_a" at audio.v(4) has no driver or initial value, using a default initial value '0' File: C:/Users/eas0035/Documents/FinalProject/audio.v Line: 4
Warning (10030): Net "audio.waddr_a" at audio.v(4) has no driver or initial value, using a default initial value '0' File: C:/Users/eas0035/Documents/FinalProject/audio.v Line: 4
Warning (10030): Net "audio.we_a" at audio.v(4) has no driver or initial value, using a default initial value '0' File: C:/Users/eas0035/Documents/FinalProject/audio.v Line: 4
Info (12128): Elaborating entity "Clock_24_Hour_behavioral" for hierarchy "Clock_24_Hour_behavioral:clock_24" File: C:/Users/eas0035/Documents/FinalProject/alarmClock.v Line: 123
Warning (10036): Verilog HDL or VHDL warning at Clock_24_Hour_behavioral.v(12): object "c_out_sec" assigned a value but never read File: C:/Users/eas0035/Documents/FinalProject/Clock_24_Hour_behavioral.v Line: 12
Warning (10036): Verilog HDL or VHDL warning at Clock_24_Hour_behavioral.v(12): object "c_out_min" assigned a value but never read File: C:/Users/eas0035/Documents/FinalProject/Clock_24_Hour_behavioral.v Line: 12
Warning (10036): Verilog HDL or VHDL warning at Clock_24_Hour_behavioral.v(12): object "c_out_hr" assigned a value but never read File: C:/Users/eas0035/Documents/FinalProject/Clock_24_Hour_behavioral.v Line: 12
Warning (10230): Verilog HDL assignment warning at Clock_24_Hour_behavioral.v(64): truncated value with size 32 to match size of target (4) File: C:/Users/eas0035/Documents/FinalProject/Clock_24_Hour_behavioral.v Line: 64
Warning (10230): Verilog HDL assignment warning at Clock_24_Hour_behavioral.v(66): truncated value with size 32 to match size of target (4) File: C:/Users/eas0035/Documents/FinalProject/Clock_24_Hour_behavioral.v Line: 66
Warning (10230): Verilog HDL assignment warning at Clock_24_Hour_behavioral.v(72): truncated value with size 32 to match size of target (4) File: C:/Users/eas0035/Documents/FinalProject/Clock_24_Hour_behavioral.v Line: 72
Warning (10230): Verilog HDL assignment warning at Clock_24_Hour_behavioral.v(74): truncated value with size 32 to match size of target (4) File: C:/Users/eas0035/Documents/FinalProject/Clock_24_Hour_behavioral.v Line: 74
Warning (10230): Verilog HDL assignment warning at Clock_24_Hour_behavioral.v(81): truncated value with size 32 to match size of target (4) File: C:/Users/eas0035/Documents/FinalProject/Clock_24_Hour_behavioral.v Line: 81
Warning (10230): Verilog HDL assignment warning at Clock_24_Hour_behavioral.v(83): truncated value with size 32 to match size of target (4) File: C:/Users/eas0035/Documents/FinalProject/Clock_24_Hour_behavioral.v Line: 83
Info (12128): Elaborating entity "hex_seven" for hierarchy "hex_seven:Hr" File: C:/Users/eas0035/Documents/FinalProject/alarmClock.v Line: 126
Info (19000): Inferred 1 megafunctions from design logic
    Info (276029): Inferred altsyncram megafunction from the following design logic: "audio:alarm_sound|audio_rtl_0" 
        Info (286033): Parameter OPERATION_MODE set to ROM
        Info (286033): Parameter WIDTH_A set to 16
        Info (286033): Parameter WIDTHAD_A set to 13
        Info (286033): Parameter NUMWORDS_A set to 4874
        Info (286033): Parameter OUTDATA_REG_A set to UNREGISTERED
        Info (286033): Parameter ADDRESS_ACLR_A set to NONE
        Info (286033): Parameter OUTDATA_ACLR_A set to NONE
        Info (286033): Parameter INDATA_ACLR_A set to NONE
        Info (286033): Parameter WRCONTROL_ACLR_A set to NONE
        Info (286033): Parameter INIT_FILE set to db/alarmClock.ram0_audio_640388c.hdl.mif
Info (278001): Inferred 1 megafunctions from design logic
    Info (278003): Inferred multiplier megafunction ("lpm_mult") from the following logic: "audio:alarm_sound|Mult0" File: C:/Users/eas0035/Documents/FinalProject/audio.v Line: 60
Info (12130): Elaborated megafunction instantiation "audio:alarm_sound|altsyncram:audio_rtl_0"
Info (12133): Instantiated megafunction "audio:alarm_sound|altsyncram:audio_rtl_0" with the following parameter:
    Info (12134): Parameter "OPERATION_MODE" = "ROM"
    Info (12134): Parameter "WIDTH_A" = "16"
    Info (12134): Parameter "WIDTHAD_A" = "13"
    Info (12134): Parameter "NUMWORDS_A" = "4874"
    Info (12134): Parameter "OUTDATA_REG_A" = "UNREGISTERED"
    Info (12134): Parameter "ADDRESS_ACLR_A" = "NONE"
    Info (12134): Parameter "OUTDATA_ACLR_A" = "NONE"
    Info (12134): Parameter "INDATA_ACLR_A" = "NONE"
    Info (12134): Parameter "WRCONTROL_ACLR_A" = "NONE"
    Info (12134): Parameter "INIT_FILE" = "db/alarmClock.ram0_audio_640388c.hdl.mif"
Info (12021): Found 1 design units, including 1 entities, in source file db/altsyncram_lq71.tdf
    Info (12023): Found entity 1: altsyncram_lq71 File: C:/Users/eas0035/Documents/FinalProject/db/altsyncram_lq71.tdf Line: 28
Info (12130): Elaborated megafunction instantiation "audio:alarm_sound|lpm_mult:Mult0" File: C:/Users/eas0035/Documents/FinalProject/audio.v Line: 60
Info (12133): Instantiated megafunction "audio:alarm_sound|lpm_mult:Mult0" with the following parameter: File: C:/Users/eas0035/Documents/FinalProject/audio.v Line: 60
    Info (12134): Parameter "LPM_WIDTHA" = "16"
    Info (12134): Parameter "LPM_WIDTHB" = "15"
    Info (12134): Parameter "LPM_WIDTHP" = "31"
    Info (12134): Parameter "LPM_WIDTHR" = "31"
    Info (12134): Parameter "LPM_WIDTHS" = "1"
    Info (12134): Parameter "LPM_REPRESENTATION" = "SIGNED"
    Info (12134): Parameter "INPUT_A_IS_CONSTANT" = "NO"
    Info (12134): Parameter "INPUT_B_IS_CONSTANT" = "NO"
    Info (12134): Parameter "MAXIMIZE_SPEED" = "5"
Info (12021): Found 1 design units, including 1 entities, in source file db/mult_16t.tdf
    Info (12023): Found entity 1: mult_16t File: C:/Users/eas0035/Documents/FinalProject/db/mult_16t.tdf Line: 29
Warning (13004): Presettable and clearable registers converted to equivalent circuits with latches. Registers power-up to an undefined state, and DEVCLRn places the registers in an undefined state.
    Warning (13310): Register "Clock_24_Hour_behavioral:clock_24|hr_tens[0]" is converted into an equivalent circuit using register "Clock_24_Hour_behavioral:clock_24|hr_tens[0]~_emulated" and latch "Clock_24_Hour_behavioral:clock_24|hr_tens[0]~1" File: C:/Users/eas0035/Documents/FinalProject/Clock_24_Hour_behavioral.v Line: 44
    Warning (13310): Register "Clock_24_Hour_behavioral:clock_24|hr_tens[1]" is converted into an equivalent circuit using register "Clock_24_Hour_behavioral:clock_24|hr_tens[1]~_emulated" and latch "Clock_24_Hour_behavioral:clock_24|hr_tens[1]~5" File: C:/Users/eas0035/Documents/FinalProject/Clock_24_Hour_behavioral.v Line: 44
    Warning (13310): Register "Clock_24_Hour_behavioral:clock_24|hr_tens[2]" is converted into an equivalent circuit using register "Clock_24_Hour_behavioral:clock_24|hr_tens[2]~_emulated" and latch "Clock_24_Hour_behavioral:clock_24|hr_tens[2]~9" File: C:/Users/eas0035/Documents/FinalProject/Clock_24_Hour_behavioral.v Line: 44
    Warning (13310): Register "Clock_24_Hour_behavioral:clock_24|hr_tens[3]" is converted into an equivalent circuit using register "Clock_24_Hour_behavioral:clock_24|hr_tens[3]~_emulated" and latch "Clock_24_Hour_behavioral:clock_24|hr_tens[3]~13" File: C:/Users/eas0035/Documents/FinalProject/Clock_24_Hour_behavioral.v Line: 44
    Warning (13310): Register "Clock_24_Hour_behavioral:clock_24|hr_ones[0]" is converted into an equivalent circuit using register "Clock_24_Hour_behavioral:clock_24|hr_ones[0]~_emulated" and latch "Clock_24_Hour_behavioral:clock_24|hr_ones[0]~1" File: C:/Users/eas0035/Documents/FinalProject/Clock_24_Hour_behavioral.v Line: 44
    Warning (13310): Register "Clock_24_Hour_behavioral:clock_24|hr_ones[1]" is converted into an equivalent circuit using register "Clock_24_Hour_behavioral:clock_24|hr_ones[1]~_emulated" and latch "Clock_24_Hour_behavioral:clock_24|hr_ones[1]~5" File: C:/Users/eas0035/Documents/FinalProject/Clock_24_Hour_behavioral.v Line: 44
    Warning (13310): Register "Clock_24_Hour_behavioral:clock_24|hr_ones[2]" is converted into an equivalent circuit using register "Clock_24_Hour_behavioral:clock_24|hr_ones[2]~_emulated" and latch "Clock_24_Hour_behavioral:clock_24|hr_ones[2]~9" File: C:/Users/eas0035/Documents/FinalProject/Clock_24_Hour_behavioral.v Line: 44
    Warning (13310): Register "Clock_24_Hour_behavioral:clock_24|hr_ones[3]" is converted into an equivalent circuit using register "Clock_24_Hour_behavioral:clock_24|hr_ones[3]~_emulated" and latch "Clock_24_Hour_behavioral:clock_24|hr_ones[3]~13" File: C:/Users/eas0035/Documents/FinalProject/Clock_24_Hour_behavioral.v Line: 44
    Warning (13310): Register "Clock_24_Hour_behavioral:clock_24|min_tens[0]" is converted into an equivalent circuit using register "Clock_24_Hour_behavioral:clock_24|min_tens[0]~_emulated" and latch "Clock_24_Hour_behavioral:clock_24|min_tens[0]~1" File: C:/Users/eas0035/Documents/FinalProject/Clock_24_Hour_behavioral.v Line: 44
    Warning (13310): Register "Clock_24_Hour_behavioral:clock_24|min_tens[1]" is converted into an equivalent circuit using register "Clock_24_Hour_behavioral:clock_24|min_tens[1]~_emulated" and latch "Clock_24_Hour_behavioral:clock_24|min_tens[1]~5" File: C:/Users/eas0035/Documents/FinalProject/Clock_24_Hour_behavioral.v Line: 44
    Warning (13310): Register "Clock_24_Hour_behavioral:clock_24|min_tens[2]" is converted into an equivalent circuit using register "Clock_24_Hour_behavioral:clock_24|min_tens[2]~_emulated" and latch "Clock_24_Hour_behavioral:clock_24|min_tens[2]~9" File: C:/Users/eas0035/Documents/FinalProject/Clock_24_Hour_behavioral.v Line: 44
    Warning (13310): Register "Clock_24_Hour_behavioral:clock_24|min_tens[3]" is converted into an equivalent circuit using register "Clock_24_Hour_behavioral:clock_24|min_tens[3]~_emulated" and latch "Clock_24_Hour_behavioral:clock_24|min_tens[3]~13" File: C:/Users/eas0035/Documents/FinalProject/Clock_24_Hour_behavioral.v Line: 44
    Warning (13310): Register "Clock_24_Hour_behavioral:clock_24|min_ones[0]" is converted into an equivalent circuit using register "Clock_24_Hour_behavioral:clock_24|min_ones[0]~_emulated" and latch "Clock_24_Hour_behavioral:clock_24|min_ones[0]~1" File: C:/Users/eas0035/Documents/FinalProject/Clock_24_Hour_behavioral.v Line: 44
    Warning (13310): Register "Clock_24_Hour_behavioral:clock_24|min_ones[1]" is converted into an equivalent circuit using register "Clock_24_Hour_behavioral:clock_24|min_ones[1]~_emulated" and latch "Clock_24_Hour_behavioral:clock_24|min_ones[1]~5" File: C:/Users/eas0035/Documents/FinalProject/Clock_24_Hour_behavioral.v Line: 44
    Warning (13310): Register "Clock_24_Hour_behavioral:clock_24|min_ones[2]" is converted into an equivalent circuit using register "Clock_24_Hour_behavioral:clock_24|min_ones[2]~_emulated" and latch "Clock_24_Hour_behavioral:clock_24|min_ones[2]~9" File: C:/Users/eas0035/Documents/FinalProject/Clock_24_Hour_behavioral.v Line: 44
    Warning (13310): Register "Clock_24_Hour_behavioral:clock_24|min_ones[3]" is converted into an equivalent circuit using register "Clock_24_Hour_behavioral:clock_24|min_ones[3]~_emulated" and latch "Clock_24_Hour_behavioral:clock_24|min_ones[3]~13" File: C:/Users/eas0035/Documents/FinalProject/Clock_24_Hour_behavioral.v Line: 44
    Warning (13310): Register "Clock_24_Hour_behavioral:clock_24|sec_tens[0]" is converted into an equivalent circuit using register "Clock_24_Hour_behavioral:clock_24|sec_tens[0]~_emulated" and latch "Clock_24_Hour_behavioral:clock_24|sec_tens[0]~1" File: C:/Users/eas0035/Documents/FinalProject/Clock_24_Hour_behavioral.v Line: 44
    Warning (13310): Register "Clock_24_Hour_behavioral:clock_24|sec_tens[1]" is converted into an equivalent circuit using register "Clock_24_Hour_behavioral:clock_24|sec_tens[1]~_emulated" and latch "Clock_24_Hour_behavioral:clock_24|sec_tens[1]~5" File: C:/Users/eas0035/Documents/FinalProject/Clock_24_Hour_behavioral.v Line: 44
    Warning (13310): Register "Clock_24_Hour_behavioral:clock_24|sec_tens[2]" is converted into an equivalent circuit using register "Clock_24_Hour_behavioral:clock_24|sec_tens[2]~_emulated" and latch "Clock_24_Hour_behavioral:clock_24|sec_tens[2]~9" File: C:/Users/eas0035/Documents/FinalProject/Clock_24_Hour_behavioral.v Line: 44
    Warning (13310): Register "Clock_24_Hour_behavioral:clock_24|sec_tens[3]" is converted into an equivalent circuit using register "Clock_24_Hour_behavioral:clock_24|sec_tens[3]~_emulated" and latch "Clock_24_Hour_behavioral:clock_24|sec_tens[3]~13" File: C:/Users/eas0035/Documents/FinalProject/Clock_24_Hour_behavioral.v Line: 44
    Warning (13310): Register "Clock_24_Hour_behavioral:clock_24|sec_ones[0]" is converted into an equivalent circuit using register "Clock_24_Hour_behavioral:clock_24|sec_ones[0]~_emulated" and latch "Clock_24_Hour_behavioral:clock_24|sec_ones[0]~1" File: C:/Users/eas0035/Documents/FinalProject/Clock_24_Hour_behavioral.v Line: 44
    Warning (13310): Register "Clock_24_Hour_behavioral:clock_24|sec_ones[1]" is converted into an equivalent circuit using register "Clock_24_Hour_behavioral:clock_24|sec_ones[1]~_emulated" and latch "Clock_24_Hour_behavioral:clock_24|sec_ones[1]~5" File: C:/Users/eas0035/Documents/FinalProject/Clock_24_Hour_behavioral.v Line: 44
    Warning (13310): Register "Clock_24_Hour_behavioral:clock_24|sec_ones[2]" is converted into an equivalent circuit using register "Clock_24_Hour_behavioral:clock_24|sec_ones[2]~_emulated" and latch "Clock_24_Hour_behavioral:clock_24|sec_ones[2]~9" File: C:/Users/eas0035/Documents/FinalProject/Clock_24_Hour_behavioral.v Line: 44
    Warning (13310): Register "Clock_24_Hour_behavioral:clock_24|sec_ones[3]" is converted into an equivalent circuit using register "Clock_24_Hour_behavioral:clock_24|sec_ones[3]~_emulated" and latch "Clock_24_Hour_behavioral:clock_24|sec_ones[3]~13" File: C:/Users/eas0035/Documents/FinalProject/Clock_24_Hour_behavioral.v Line: 44
Info (286030): Timing-Driven Synthesis is running
Info (144001): Generated suppressed messages file C:/Users/eas0035/Documents/FinalProject/output_files/alarmClock.map.smsg
Info (16010): Generating hard_block partition "hard_block:auto_generated_inst"
    Info (16011): Adding 0 node(s), including 0 DDIO, 0 PLL, 0 transceiver and 0 LCELL
Info (21057): Implemented 781 device resources after synthesis - the final resource count might be different
    Info (21058): Implemented 8 input pins
    Info (21059): Implemented 44 output pins
    Info (21061): Implemented 711 logic cells
    Info (21064): Implemented 16 RAM segments
    Info (21062): Implemented 2 DSP elements
Info: Quartus Prime Analysis & Synthesis was successful. 0 errors, 42 warnings
    Info: Peak virtual memory: 4893 megabytes
    Info: Processing ended: Fri Apr 26 12:02:10 2024
    Info: Elapsed time: 00:00:06
    Info: Total CPU time (on all processors): 00:00:14


+------------------------------------------+
; Analysis & Synthesis Suppressed Messages ;
+------------------------------------------+
The suppressed messages can be found in C:/Users/eas0035/Documents/FinalProject/output_files/alarmClock.map.smsg.


